//被叫，主动挂断

2020-05-06 22:18:54.265 10150-11485/com.ruixun.test1 D/sipstack: 22:18:54.264    pjsua_acc.c  Sending 2 bytes keep-alive packet for acc 0 to 112.74.178.87:5060
2020-05-06 22:18:54.266 10150-11485/com.ruixun.test1 D/sipstack: 22:18:54.266 tdta0x98232064  Destroying txdata raw
2020-05-06 22:19:05.818 10150-11485/com.ruixun.test1 D/sipstack: 22:19:05.817 sip_endpoint.c  Processing incoming message: Request msg INVITE/cseq=19833580 (rdata0x99232014)
2020-05-06 22:19:05.820 10150-11485/com.ruixun.test1 D/sipstack: 22:19:05.819   pjsua_core.c  .RX 953 bytes Request msg INVITE/cseq=19833580 (rdata0x99232014) from UDP 112.74.178.87:5060:
    INVITE sip:UA1011@10.0.76.29:5060;ob SIP/2.0
    Via: SIP/2.0/UDP 112.74.178.87:5060;branch=z9hG4bK0aee.f546eb71.0
    Max-Forwards: 64
    From: "哈哈" <sip:UA1012@112.74.178.87>;tag=4v418DFey99UK
    To: <sip:UA1011@112.74.178.87>
    Call-ID: 6249b7d1-0a47-1239-b2b2-00163e0e0847
    CSeq: 19833580 INVITE
    Contact: <sip:UA1012@112.74.178.87;did=69d.fba7ff2>
    Allow: INVITE, ACK, BYE, CANCEL, OPTIONS, MESSAGE, INFO, UPDATE, REGISTER, REFER, NOTIFY
    Supported: timer, path, replaces
    Content-Type: application/sdp
    Content-Length: 428
    
    v=0
    o=FreeSWITCH 1588744389 1588744390 IN IP4 112.74.178.87
    s=FreeSWITCH
    c=IN IP4 112.74.178.87
    t=0 0
    m=audio 45544 RTP/AVP 8 101
    a=rtpmap:8 PCMA/8000
    a=rtpmap:101 telephone-event/8000
    a=fmtp:101 0-16
    a=ptime:20
    m=video 58094 RTP/AVP 97
    b=AS:1024
    a=rtpmap:97 H264/90000
    a=fmtp:97 profile-level-id=42e01f; packetization-mode=1
    a=rtcp-fb:97 ccm fir
    a=rtcp-fb:97 ccm tmmbr
    a=rtcp-fb:97 nack
    a=rtcp-fb:97 nack pli
    
    --end msg--
2020-05-06 22:19:05.821 10150-11485/com.ruixun.test1 D/sipstack: 22:19:05.820   pjsua_call.c  .Incoming Request msg INVITE/cseq=19833580 (rdata0x99232014)
2020-05-06 22:19:05.824 10150-11485/com.ruixun.test1 D/sipstack: 22:19:05.823  tsx0x9c02c064  ...Transaction created for Request msg INVITE/cseq=19833580 (rdata0x99232014)
2020-05-06 22:19:05.825 10150-11485/com.ruixun.test1 D/sipstack: 22:19:05.824  tsx0x9c02c064  ..Incoming Request msg INVITE/cseq=19833580 (rdata0x99232014) in state Null
2020-05-06 22:19:05.826 10150-11485/com.ruixun.test1 D/sipstack: 22:19:05.825  tsx0x9c02c064  ...State changed from Null to Trying, event=RX_MSG
2020-05-06 22:19:05.827 10150-11485/com.ruixun.test1 D/sipstack: 22:19:05.826  dlg0x9c02c864  ....Transaction tsx0x9c02c064 state changed to Trying
2020-05-06 22:19:05.827 10150-11485/com.ruixun.test1 D/sipstack: 22:19:05.827  dlg0x9c02c864  ..UAS dialog created
2020-05-06 22:19:05.829 10150-11485/com.ruixun.test1 D/sipstack: 22:19:05.828  dlg0x9c02c864  ..Module mod-invite added as dialog usage, data=0x98224414
2020-05-06 22:19:05.831 10150-11485/com.ruixun.test1 D/sipstack: 22:19:05.829  dlg0x9c02c864  ...Session count inc to 3 by mod-invite
2020-05-06 22:19:05.832 10150-11485/com.ruixun.test1 D/sipstack: 22:19:05.831  inv0x9c02c864  ..UAS invite session created for dialog dlg0x9c02c864
2020-05-06 22:19:05.833 10150-11485/com.ruixun.test1 D/sipstack: 22:19:05.832  dlg0x9c02c864  ...Session count inc to 3 by mod-pjsua
2020-05-06 22:19:05.834 10150-11485/com.ruixun.test1 D/sipstack: 22:19:05.833  pjsua_media.c  ..Call 1: initializing media..
2020-05-06 22:19:05.839 10150-11485/com.ruixun.test1 D/sipstack: 22:19:05.838  pjsua_media.c  ...RTP socket reachable at 192.168.1.101:4004
2020-05-06 22:19:05.840 10150-11485/com.ruixun.test1 D/sipstack: 22:19:05.839  pjsua_media.c  ...RTCP socket reachable at 192.168.1.101:4005
2020-05-06 22:19:05.842 10150-11485/com.ruixun.test1 D/sipstack: 22:19:05.841 srtp0x98225c00  ...SRTP keying SDES created
2020-05-06 22:19:05.845 10150-11485/com.ruixun.test1 D/sipstack: 22:19:05.844  pjsua_media.c  ...RTP socket reachable at 192.168.1.101:4006
2020-05-06 22:19:05.847 10150-11485/com.ruixun.test1 D/sipstack: 22:19:05.846  pjsua_media.c  ...RTCP socket reachable at 192.168.1.101:4007
2020-05-06 22:19:05.848 10150-11485/com.ruixun.test1 D/sipstack: 22:19:05.847 srtp0x98225800  ...SRTP keying SDES created
2020-05-06 22:19:05.849 10150-11485/com.ruixun.test1 D/sipstack: 22:19:05.848  pjsua_media.c  ...Media index 0 selected for audio call 1
2020-05-06 22:19:05.850 10150-11485/com.ruixun.test1 D/sipstack: 22:19:05.850  pjsua_media.c  ...Call 1: media transport initialization complete: Success
2020-05-06 22:19:05.858 10150-11485/com.ruixun.test1 D/sipstack: 22:19:05.858   pjsua_call.c  ...Answering call 1: code=180
2020-05-06 22:19:05.859 10150-11485/com.ruixun.test1 D/sipstack: 22:19:05.859   pjsua_call.c  ....Pending answering call 1 upon completion of media transport
2020-05-06 22:19:05.870 10150-11485/com.ruixun.test1 D/sipstack: 22:19:05.869  dlg0x9c02c864  ...Session count dec to 3 by mod-pjsua
2020-05-06 22:19:05.873 10150-11485/com.ruixun.test1 D/sipstack: 22:19:05.872       endpoint  ...Response msg 100/INVITE/cseq=19833580 (tdta0x98232064) created
2020-05-06 22:19:05.874 10150-11485/com.ruixun.test1 D/sipstack: 22:19:05.873  dlg0x9c02c864  ...Initial answer Response msg 100/INVITE/cseq=19833580 (tdta0x98232064)
2020-05-06 22:19:05.876 10150-11485/com.ruixun.test1 D/sipstack: 22:19:05.875  inv0x9c02c864  ...Sending Response msg 100/INVITE/cseq=19833580 (tdta0x98232064)
2020-05-06 22:19:05.877 10150-11485/com.ruixun.test1 D/sipstack: 22:19:05.876  dlg0x9c02c864  ....Sending Response msg 100/INVITE/cseq=19833580 (tdta0x98232064)
2020-05-06 22:19:05.878 10150-11485/com.ruixun.test1 D/sipstack: 22:19:05.877  tsx0x9c02c064  ....Sending Response msg 100/INVITE/cseq=19833580 (tdta0x98232064) in state Trying
2020-05-06 22:19:05.880 10150-11485/com.ruixun.test1 D/sipstack: 22:19:05.879  sip_resolve.c  .....Target '112.74.178.87:5060' type=UDP resolved to '112.74.178.87:5060' type=UDP (UDP transport)
2020-05-06 22:19:05.882 10150-11485/com.ruixun.test1 D/sipstack: 22:19:05.881   pjsua_core.c  .....TX 295 bytes Response msg 100/INVITE/cseq=19833580 (tdta0x98232064) to UDP 112.74.178.87:5060:
    SIP/2.0 100 Trying
    Via: SIP/2.0/UDP 112.74.178.87:5060;received=112.74.178.87;branch=z9hG4bK0aee.f546eb71.0
    Call-ID: 6249b7d1-0a47-1239-b2b2-00163e0e0847
    From: "哈哈" <sip:UA1012@112.74.178.87>;tag=4v418DFey99UK
    To: <sip:UA1011@112.74.178.87>
    CSeq: 19833580 INVITE
    Content-Length:  0
    
    
    --end msg--
2020-05-06 22:19:05.884 10150-11485/com.ruixun.test1 D/sipstack: 22:19:05.883  tsx0x9c02c064  .....State changed from Trying to Proceeding, event=TX_MSG
2020-05-06 22:19:05.886 10150-11485/com.ruixun.test1 D/sipstack: 22:19:05.884  dlg0x9c02c864  ......Transaction tsx0x9c02c064 state changed to Proceeding
2020-05-06 22:19:05.887 10150-11485/com.ruixun.test1 D/sipstack: 22:19:05.886   pjsua_call.c  ..Answering call 1: code=180
2020-05-06 22:19:05.889 10150-11485/com.ruixun.test1 D/sipstack: 22:19:05.888 sip_transport.  ....Tx data Response msg 100/INVITE/cseq=19833580 (tdta0x9825f064) cloned
2020-05-06 22:19:05.890 10150-11485/com.ruixun.test1 D/sipstack: 22:19:05.889  inv0x9c02c864  ....Sending Response msg 180/INVITE/cseq=19833580 (tdta0x9825f064)
2020-05-06 22:19:05.891 10150-11485/com.ruixun.test1 D/sipstack: 22:19:05.890  dlg0x9c02c864  .....Sending Response msg 180/INVITE/cseq=19833580 (tdta0x9825f064)
2020-05-06 22:19:05.894 10150-11485/com.ruixun.test1 D/sipstack: 22:19:05.891  tsx0x9c02c064  .....Sending Response msg 180/INVITE/cseq=19833580 (tdta0x9825f064) in state Proceeding
2020-05-06 22:19:05.896 10150-11485/com.ruixun.test1 D/sipstack: 22:19:05.894 tdta0x98232064  ......Destroying txdata Response msg 100/INVITE/cseq=19833580 (tdta0x98232064)
2020-05-06 22:19:05.898 10150-11485/com.ruixun.test1 D/sipstack: 22:19:05.897   pjsua_core.c  ......TX 490 bytes Response msg 180/INVITE/cseq=19833580 (tdta0x9825f064) to UDP 112.74.178.87:5060:
    SIP/2.0 180 Ringing
    Via: SIP/2.0/UDP 112.74.178.87:5060;received=112.74.178.87;branch=z9hG4bK0aee.f546eb71.0
    Call-ID: 6249b7d1-0a47-1239-b2b2-00163e0e0847
    From: "哈哈" <sip:UA1012@112.74.178.87>;tag=4v418DFey99UK
    To: <sip:UA1011@112.74.178.87>;tag=7e599fda-307e-45ed-91e4-7cc69e0e2283
    CSeq: 19833580 INVITE
    Contact: "哈哈" <sip:UA1011@192.168.1.101:40043;ob>
    Allow: PRACK, INVITE, ACK, BYE, CANCEL, UPDATE, INFO, SUBSCRIBE, NOTIFY, REFER, MESSAGE, OPTIONS
    Content-Length:  0
    
    
    --end msg--
2020-05-06 22:19:05.900 10150-11485/com.ruixun.test1 D/sipstack: 22:19:05.899  tsx0x9c02c064  ......State changed from Proceeding to Proceeding, event=TX_MSG
2020-05-06 22:19:05.902 10150-11485/com.ruixun.test1 D/sipstack: 22:19:05.901  dlg0x9c02c864  .......Transaction tsx0x9c02c064 state changed to Proceeding
2020-05-06 22:19:09.269 10150-11485/com.ruixun.test1 D/sipstack: 22:19:09.268    pjsua_acc.c  Sending 2 bytes keep-alive packet for acc 0 to 112.74.178.87:5060
2020-05-06 22:19:09.270 10150-11485/com.ruixun.test1 D/sipstack: 22:19:09.269 tdta0x98232064  Destroying txdata raw
2020-05-06 22:19:10.179 10150-10405/com.ruixun.test1 D/sipstack: 22:19:10.178   pjsua_call.c !Answering call 1: code=200
2020-05-06 22:19:10.180 10150-10405/com.ruixun.test1 D/sipstack: 22:19:10.179 sip_transport.  ..Tx data Response msg 180/INVITE/cseq=19833580 (tdta0x9827f064) cloned
2020-05-06 22:19:10.180 10150-10405/com.ruixun.test1 D/sipstack: 22:19:10.180  inv0x9c02c864  ..SDP negotiation done, status=0
2020-05-06 22:19:10.180 10150-10405/com.ruixun.test1 D/sipstack: 22:19:10.180  pjsua_media.c  ...Call 1: updating media..
2020-05-06 22:19:10.181 10150-10405/com.ruixun.test1 D/sipstack: 22:19:10.181  pjsua_media.c  .....Media stream call01:0 is destroyed
2020-05-06 22:19:10.181 10150-10405/com.ruixun.test1 D/sipstack: 22:19:10.181    pjsua_aud.c  ....Audio channel update..
2020-05-06 22:19:10.181 10150-10405/com.ruixun.test1 D/sipstack: 22:19:10.181 strm0x99278014  .....VAD temporarily disabled
2020-05-06 22:19:10.181 10150-10405/com.ruixun.test1 D/sipstack: 22:19:10.181          rtp.c  .....pjmedia_rtp_session_init: ses=0x9c02aafc, default_pt=8, ssrc=0x1302f68b
2020-05-06 22:19:10.181 10150-10405/com.ruixun.test1 D/sipstack: 22:19:10.181          rtp.c  .....pjmedia_rtp_session_init: ses=0x9c02d5f4, default_pt=8, ssrc=0x1302f68b
2020-05-06 22:19:10.182 10150-10405/com.ruixun.test1 D/sipstack: 22:19:10.182  udp0x9821d400  .....SO_RCVBUF set to 163840
2020-05-06 22:19:10.182 10150-10405/com.ruixun.test1 D/sipstack: 22:19:10.182  udp0x9821d400  .....SO_SNDBUF set to 163840
2020-05-06 22:19:10.182 10150-10405/com.ruixun.test1 D/sipstack: 22:19:10.182 strm0x99278014  .....Sending keep-alive (RTCP and empty RTP)
2020-05-06 22:19:10.183 10150-10405/com.ruixun.test1 D/sipstack: 22:19:10.182       stream.c  .....Stream strm0x99278014 created
2020-05-06 22:19:10.183 10150-10405/com.ruixun.test1 D/sipstack: 22:19:10.183 strm0x99278014  .....Encoder stream started
2020-05-06 22:19:10.183 10150-10405/com.ruixun.test1 D/sipstack: 22:19:10.183 strm0x99278014  .....Decoder stream started
2020-05-06 22:19:10.183 10150-10405/com.ruixun.test1 D/sipstack: 22:19:10.183     resample.c  .....resample created: high qualiy, large filter, in/out rate=8000/16000
2020-05-06 22:19:10.183 10150-10405/com.ruixun.test1 D/sipstack: 22:19:10.183     resample.c  .....resample created: high qualiy, large filter, in/out rate=16000/8000
2020-05-06 22:19:10.183 10150-10405/com.ruixun.test1 D/sipstack: 22:19:10.183  pjsua_media.c  ....Audio updated, stream #0: PCMA (sendrecv)
2020-05-06 22:19:10.184 10150-10405/com.ruixun.test1 D/sipstack: 22:19:10.184  pjsua_media.c  .....Media stream call01:1 is destroyed
2020-05-06 22:19:10.184 10150-10405/com.ruixun.test1 D/sipstack: 22:19:10.184    pjsua_vid.c  ....Video channel update..
2020-05-06 22:19:10.184 10150-10405/com.ruixun.test1 D/sipstack: 22:19:10.184   openh264.cpp  .....Opening codec..
2020-05-06 22:19:10.192 10150-10405/com.ruixun.test1 D/sipstack: 22:19:10.191          rtp.c  .....pjmedia_rtp_session_init: ses=0x9947fdf4, default_pt=97, ssrc=0x6c958c17
2020-05-06 22:19:10.192 10150-10405/com.ruixun.test1 D/sipstack: 22:19:10.192 vstdec0x9947f8  .....Decoding channel created 976x976 I420<-H264 22/1(~22)fps
2020-05-06 22:19:10.192 10150-10405/com.ruixun.test1 D/sipstack: 22:19:10.192          rtp.c  .....pjmedia_rtp_session_init: ses=0x9947feac, default_pt=97, ssrc=0x6c958c17
2020-05-06 22:19:10.193 10150-10405/com.ruixun.test1 D/sipstack: 22:19:10.193 vstenc0x9947f8  .....Encoding channel created 240x320 I420->H264 15/1(~15)fps
2020-05-06 22:19:10.193 10150-10405/com.ruixun.test1 D/sipstack: 22:19:10.193  udp0x9821dc00  .....SO_RCVBUF set to 163840
2020-05-06 22:19:10.194 10150-10405/com.ruixun.test1 D/sipstack: 22:19:10.193  udp0x9821dc00  .....SO_SNDBUF set to 163840
2020-05-06 22:19:10.194 10150-10405/com.ruixun.test1 D/sipstack: 22:19:10.194   vid_stream.c  .....Video stream vstrm0x9947f814 created
2020-05-06 22:19:10.195 10150-10405/com.ruixun.test1 D/sipstack: 22:19:10.194 vstenc0x9947f8  .....Encoder stream started
2020-05-06 22:19:10.195 10150-10405/com.ruixun.test1 D/sipstack: 22:19:10.195 vstdec0x9947f8  .....Decoder stream started
2020-05-06 22:19:10.195 10150-10405/com.ruixun.test1 D/sipstack: 22:19:10.195    pjsua_vid.c  .....Setting up RX..
2020-05-06 22:19:10.195 10150-10405/com.ruixun.test1 D/sipstack: 22:19:10.195    pjsua_vid.c  ......Creating video window: type=stream, cap_id=-1, rend_id=0
2020-05-06 22:19:10.196 10150-10405/com.ruixun.test1 D/sipstack: 22:19:10.196     vid_port.c  .......Opening device OpenGL renderer [OpenGL] for render: format=I420, size=976x976 @22:1 fps
2020-05-06 22:19:10.196 10150-10405/com.ruixun.test1 D/sipstack: 22:19:10.196 android_opengl  .......Re-initializing OpenGL due to format change
2020-05-06 22:19:10.197 10150-10405/com.ruixun.test1 D/sipstack: 22:19:10.197 android_opengl  .......Android OpenGL ES renderer successfully created
2020-05-06 22:19:10.197 10150-10405/com.ruixun.test1 D/sipstack: 22:19:10.197     vid_port.c  .......Device OpenGL renderer [OpenGL] opened: format=BGRA, size=976x976 @22:1 fps
2020-05-06 22:19:10.201 10150-10405/com.ruixun.test1 D/sipstack: 22:19:10.200    pjsua_vid.c  .......stream window id 0 created for cap_dev=-1 rend_dev=0
2020-05-06 22:19:10.201 10150-10405/com.ruixun.test1 D/sipstack: 22:19:10.201    pjsua_vid.c  .......Window 0 created
2020-05-06 22:19:10.201 10150-10405/com.ruixun.test1 D/sipstack: 22:19:10.201 android_opengl  ......Starting Android opengl stream
2020-05-06 22:19:10.202 10150-10405/com.ruixun.test1 D/sipstack: 22:19:10.202    pjsua_vid.c  .....Setting up TX..
2020-05-06 22:19:10.202 10150-10405/com.ruixun.test1 D/sipstack: 22:19:10.202    pjsua_vid.c  ......Creating video window: type=preview, cap_id=1, rend_id=0
2020-05-06 22:19:10.202 10150-10405/com.ruixun.test1 D/sipstack: 22:19:10.202     vid_port.c  .......Opening device Front camera [Android] for capture: format=I420, size=240x320 @15:1 fps
2020-05-06 22:19:10.203 10150-10405/com.ruixun.test1 D/sipstack: 22:19:10.203     vid_util.c  .......Orientation converter created: 320x240 to 240x180, maintain aspect ratio=yes
2020-05-06 22:19:10.204 10150-10405/com.ruixun.test1 D/sipstack: 22:19:10.204  android_dev.c  .......Video capture orientation set to 4
2020-05-06 22:19:10.204 10150-10405/com.ruixun.test1 D/sipstack: 22:19:10.204     vid_port.c  .......Device Front camera [Android] opened: format=I420, size=240x320 @15:1 fps
2020-05-06 22:19:10.204 10150-10405/com.ruixun.test1 D/sipstack: 22:19:10.204     vid_port.c  .......Opening device OpenGL renderer [OpenGL] for render: format=I420, size=240x320 @15:1 fps
2020-05-06 22:19:10.204 10150-10405/com.ruixun.test1 D/sipstack: 22:19:10.204 android_opengl  .......Re-initializing OpenGL due to format change
2020-05-06 22:19:10.204 10150-10405/com.ruixun.test1 D/sipstack: 22:19:10.204 android_opengl  .......Android OpenGL ES renderer successfully created
2020-05-06 22:19:10.205 10150-10405/com.ruixun.test1 D/sipstack: 22:19:10.204     vid_port.c  .......Device OpenGL renderer [OpenGL] opened: format=BGRA, size=240x320 @15:1 fps
2020-05-06 22:19:10.205 10150-10405/com.ruixun.test1 D/sipstack: 22:19:10.205    pjsua_vid.c  .......preview window id 1 created for cap_dev=1 rend_dev=0
2020-05-06 22:19:10.205 10150-10405/com.ruixun.test1 D/sipstack: 22:19:10.205    pjsua_vid.c  .......Window 1 created
2020-05-06 22:19:10.206 10150-10405/com.ruixun.test1 D/sipstack: 22:19:10.205  android_dev.c  ......Starting Android camera stream
2020-05-06 22:19:10.312 10150-10405/com.ruixun.test1 D/sipstack: 22:19:10.312  pjsua_media.c  ....Video updated, stream #1: H264 (sendrecv)
2020-05-06 22:19:10.315 10150-10405/com.ruixun.test1 D/sipstack: 22:19:10.315    pjsua_aud.c  ...Conf connect: 1 --> 0
2020-05-06 22:19:10.315 10150-10405/com.ruixun.test1 D/sipstack: 22:19:10.315    pjsua_aud.c  ....Set sound device: capture=-1, playback=-2
2020-05-06 22:19:10.316 10150-10405/com.ruixun.test1 D/sipstack: 22:19:10.315    pjsua_aud.c  .....Opening sound device (speaker + mic) PCM@16000/1/20ms
2020-05-06 22:19:10.316 10150-10405/com.ruixun.test1 D/sipstack: 22:19:10.316 android_jni_de  ......Creating Android JNI stream
2020-05-06 22:19:10.318 10150-10405/com.ruixun.test1 D/sipstack: 22:19:10.318 android_jni_de  ......Using audio input source : 7
2020-05-06 22:19:10.325 10150-10405/com.ruixun.test1 D/sipstack: 22:19:10.324 android_jni_de  ......Audio record initialized successfully.
2020-05-06 22:19:10.326 10150-20179/com.ruixun.test1 D/sipstack: 22:19:10.326 android_jni_de !Recorder thread started
2020-05-06 22:19:10.327 10150-20179/com.ruixun.test1 D/sipstack: 22:19:10.326 android_jni_de  Setting thread priority successful
2020-05-06 22:19:10.332 10150-10405/com.ruixun.test1 D/sipstack: 22:19:10.332 android_jni_de !......Audio track initialized successfully.
2020-05-06 22:19:10.332 10150-10405/com.ruixun.test1 D/sipstack: 22:19:10.332   ec0x9922e700  ......Creating WebRTC AEC
2020-05-06 22:19:10.332 10150-20181/com.ruixun.test1 D/sipstack: 22:19:10.332 android_jni_de !Playback thread started
2020-05-06 22:19:10.333 10150-10405/com.ruixun.test1 D/sipstack: 22:19:10.333  echo_webrtc.c !......WebRTC AEC successfully created with options 195
2020-05-06 22:19:10.333 10150-20181/com.ruixun.test1 D/sipstack: 22:19:10.333 android_jni_de  Setting thread priority successful
2020-05-06 22:19:10.333 10150-10405/com.ruixun.test1 D/sipstack: 22:19:10.333   ec0x9922e700  ......Using delay buffer with WSOLA.
2020-05-06 22:19:10.333 10150-10405/com.ruixun.test1 D/sipstack: 22:19:10.333   ec0x9922e700  ......WebRTC AEC created, clock_rate=16000, channel=1, samples per frame=320, tail length=70 ms, latency=100 ms
2020-05-06 22:19:10.334 10150-10405/com.ruixun.test1 D/sipstack: 22:19:10.334 android_jni_de  ......Android JNI stream started
2020-05-06 22:19:10.334 10150-10405/com.ruixun.test1 D/sipstack: 22:19:10.334   conference.c  ....Port 1 (sip:UA1012@112.74.178.87) transmitting to port 0 (Android JNI)
2020-05-06 22:19:10.334 10150-10405/com.ruixun.test1 D/sipstack: 22:19:10.334    pjsua_aud.c  ...Conf connect: 0 --> 1
2020-05-06 22:19:10.334 10150-10405/com.ruixun.test1 D/sipstack: 22:19:10.334   conference.c  ....Port 0 (Android JNI) transmitting to port 1 (sip:UA1012@112.74.178.87)
2020-05-06 22:19:10.334 10150-10405/com.ruixun.test1 D/sipstack: 22:19:10.334  inv0x9c02c864  ..Sending Response msg 200/INVITE/cseq=19833580 (tdta0x9827f064)
2020-05-06 22:19:10.335 10150-10405/com.ruixun.test1 D/sipstack: 22:19:10.334  dlg0x9c02c864  ...Sending Response msg 200/INVITE/cseq=19833580 (tdta0x9827f064)
2020-05-06 22:19:10.335 10150-10405/com.ruixun.test1 D/sipstack: 22:19:10.335  tsx0x9c02c064  ...Sending Response msg 200/INVITE/cseq=19833580 (tdta0x9827f064) in state Proceeding
2020-05-06 22:19:10.335 10150-10405/com.ruixun.test1 D/sipstack: 22:19:10.335 tdta0x9825f064  ....Destroying txdata Response msg 180/INVITE/cseq=19833580 (tdta0x9825f064)
2020-05-06 22:19:10.335 10150-10405/com.ruixun.test1 D/sipstack: 22:19:10.335   pjsua_core.c  ....TX 972 bytes Response msg 200/INVITE/cseq=19833580 (tdta0x9827f064) to UDP 112.74.178.87:5060:
    SIP/2.0 200 OK
    Via: SIP/2.0/UDP 112.74.178.87:5060;received=112.74.178.87;branch=z9hG4bK0aee.f546eb71.0
    Call-ID: 6249b7d1-0a47-1239-b2b2-00163e0e0847
    From: "哈哈" <sip:UA1012@112.74.178.87>;tag=4v418DFey99UK
    To: <sip:UA1011@112.74.178.87>;tag=7e599fda-307e-45ed-91e4-7cc69e0e2283
    CSeq: 19833580 INVITE
    Allow: PRACK, INVITE, ACK, BYE, CANCEL, UPDATE, INFO, SUBSCRIBE, NOTIFY, REFER, MESSAGE, OPTIONS
    Contact: "哈哈" <sip:UA1011@192.168.1.101:40043;ob>
    Supported: replaces, 100rel, norefersub
    Content-Type: application/sdp
    Content-Length:   412
    
    v=0
    o=- 3797763545 3797763546 IN IP4 192.168.1.101
    s=pjmedia
    t=0 0
    m=audio 4004 RTP/AVP 8 101
    c=IN IP4 192.168.1.101
    a=sendrecv
    a=ssrc:318961291 cname:7efdf8840544c7e3
    a=rtpmap:101 telephone-event/8000
    a=fmtp:101 0-16
    m=video 4006 RTP/AVP 97
    c=IN IP4 192.168.1.101
    a=sendrecv
    a=rtpmap:97 H264/90000
    a=fmtp:97 profile-level-id=42e01f; packetization-mode=1
    a=ssrc:1821740055 cname:7efdf8840544c7e3
    
    --end msg--
2020-05-06 22:19:10.336 10150-10405/com.ruixun.test1 D/sipstack: 22:19:10.335  tsx0x9c02c064  ....State changed from Proceeding to Completed, event=TX_MSG
2020-05-06 22:19:10.336 10150-10405/com.ruixun.test1 D/sipstack: 22:19:10.336  dlg0x9c02c864  .....Transaction tsx0x9c02c064 state changed to Completed
2020-05-06 22:19:10.346 10150-20181/com.ruixun.test1 D/sipstack: 22:19:10.346 strm0x99278014 !Jitter buffer is bufferring (prefetch=0)
2020-05-06 22:19:10.347 10150-20181/com.ruixun.test1 D/sipstack: 22:19:10.347 strm0x99278014  Start talksprut..
2020-05-06 22:19:10.349 10150-20181/com.ruixun.test1 D/sipstack: 22:19:10.349   Master/sound  Underflow, buf_cnt=0, will generate 1 frame
2020-05-06 22:19:10.350 10150-20181/com.ruixun.test1 D/sipstack: 22:19:10.350   Master/sound  Underflow, buf_cnt=0, will generate 1 frame
2020-05-06 22:19:10.371 10150-11485/com.ruixun.test1 D/sipstack: 22:19:10.370 sip_endpoint.c !Processing incoming message: Request msg ACK/cseq=19833580 (rdata0x99232014)
2020-05-06 22:19:10.372 10150-11485/com.ruixun.test1 D/sipstack: 22:19:10.371   pjsua_core.c  .RX 401 bytes Request msg ACK/cseq=19833580 (rdata0x99232014) from UDP 112.74.178.87:5060:
    ACK sip:UA1011@192.168.1.101:40043;ob SIP/2.0
    Via: SIP/2.0/UDP 10.0.76.29:5060;branch=z9hG4bK0aee.f546eb71.2
    Max-Forwards: 68
    From: "哈哈" <sip:UA1012@112.74.178.87>;tag=4v418DFey99UK
    To: <sip:UA1011@112.74.178.87>;tag=7e599fda-307e-45ed-91e4-7cc69e0e2283
    Call-ID: 6249b7d1-0a47-1239-b2b2-00163e0e0847
    CSeq: 19833580 ACK
    Contact: <sip:UA1012@10.0.76.29;did=69d.fba7ff2>
    Content-Length: 0
    
    
    --end msg--
2020-05-06 22:19:10.373 10150-11485/com.ruixun.test1 D/sipstack: 22:19:10.372  dlg0x9c02c864  .Received Request msg ACK/cseq=19833580 (rdata0x99232014)
2020-05-06 22:19:10.373 10150-11485/com.ruixun.test1 D/sipstack: 22:19:10.373  tsx0x9c02c064  ..Request to terminate transaction
2020-05-06 22:19:10.374 10150-11485/com.ruixun.test1 D/sipstack: 22:19:10.373  tsx0x9c02c064  ...State changed from Completed to Terminated, event=USER
2020-05-06 22:19:10.374 10150-11485/com.ruixun.test1 D/sipstack: 22:19:10.374  dlg0x9c02c864  ....Transaction tsx0x9c02c064 state changed to Terminated
2020-05-06 22:19:10.377 10150-11485/com.ruixun.test1 D/sipstack: 22:19:10.377    pjsua_vid.c  ...Call 1: set video stream, op=5
2020-05-06 22:19:10.378 10150-11485/com.ruixun.test1 D/sipstack: 22:19:10.377 vstenc0x9947f8  ....Encoder stream resumed
2020-05-06 22:19:10.379 10150-11485/com.ruixun.test1 D/sipstack: 22:19:10.378  tsx0x9c02c064  Timeout timer event
2020-05-06 22:19:10.379 10150-11485/com.ruixun.test1 D/sipstack: 22:19:10.379  tsx0x9c02c064  .State changed from Terminated to Destroyed, event=TIMER
2020-05-06 22:19:10.382 10150-11485/com.ruixun.test1 D/sipstack: 22:19:10.380 tdta0x9827f064  ..Destroying txdata Response msg 200/INVITE/cseq=19833580 (tdta0x9827f064)
2020-05-06 22:19:10.383 10150-11485/com.ruixun.test1 D/sipstack: 22:19:10.382  tsx0x9c02c064  Transaction destroyed!
2020-05-06 22:19:10.390 10150-20181/com.ruixun.test1 D/sipstack: 22:19:10.390   Master/sound !Underflow, buf_cnt=0, will generate 1 frame
2020-05-06 22:19:10.392 10150-20181/com.ruixun.test1 D/sipstack: 22:19:10.392   Master/sound  Underflow, buf_cnt=0, will generate 1 frame
2020-05-06 22:19:10.394 10150-20181/com.ruixun.test1 D/sipstack: 22:19:10.394   ec0x9922e700  Latency bufferring complete
2020-05-06 22:19:10.427 10150-20179/com.ruixun.test1 D/sipstack: 22:19:10.427   ec0x9922e700 !Underflow, buf_cnt=0, will generate 1 frame
2020-05-06 22:19:10.428 10150-20179/com.ruixun.test1 D/sipstack: 22:19:10.428   ec0x9922e700  Underflow, buf_cnt=0, will generate 1 frame
2020-05-06 22:19:10.460 10150-20179/com.ruixun.test1 D/sipstack: 22:19:10.459   ec0x9922e700  Underflow, buf_cnt=0, will generate 1 frame
2020-05-06 22:19:10.469 10150-10405/com.ruixun.test1 D/sipstack: 22:19:10.469    pjsua_vid.c !Starting preview for cap_dev=1, show=1
2020-05-06 22:19:10.469 10150-10405/com.ruixun.test1 D/sipstack: 22:19:10.469    pjsua_vid.c  .Creating video window: type=preview, cap_id=1, rend_id=-2
2020-05-06 22:19:10.470 10150-10405/com.ruixun.test1 D/sipstack: 22:19:10.469    pjsua_vid.c  ..Window already exists for cap_dev=1, returning wid=1
2020-05-06 22:19:10.470 10150-10405/com.ruixun.test1 D/sipstack: 22:19:10.470    pjsua_vid.c  ..Ignored error on setting window visibility on wid=1: Invalid or unsupported video capability (PJMEDIA_EVID_INVCAP)
2020-05-06 22:19:10.470 10150-10405/com.ruixun.test1 D/sipstack: 22:19:10.470    pjsua_vid.c  ..Ignored error on setting window flags on wid=1: Invalid or unsupported video capability (PJMEDIA_EVID_INVCAP)
2020-05-06 22:19:10.472 10150-10405/com.ruixun.test1 D/sipstack: 22:19:10.472 android_opengl  ..Re-initializing OpenGL with native window 0x9a872308: success
2020-05-06 22:19:10.473 10150-10405/com.ruixun.test1 D/sipstack: 22:19:10.473 android_opengl  .Starting Android opengl stream
2020-05-06 22:19:10.474 10150-10405/com.ruixun.test1 D/sipstack: 22:19:10.474  android_dev.c  Video capture orientation set to 4
2020-05-06 22:19:10.481 10150-10405/com.ruixun.test1 D/sipstack: 22:19:10.481 android_opengl  Re-initializing OpenGL with native window 0x9a875408: success
2020-05-06 22:19:10.482 10150-10405/com.ruixun.test1 D/sipstack: 22:19:10.482    pjsua_vid.c  Call 1: set video stream, op=5
2020-05-06 22:19:10.482 10150-10405/com.ruixun.test1 D/sipstack: 22:19:10.482 vstenc0x9947f8  .Encoder stream resumed
2020-05-06 22:19:10.486 10150-10405/com.ruixun.test1 D/sipstack: 22:19:10.485  android_dev.c  Video capture orientation set to 4
2020-05-06 22:19:10.495 10150-11475/com.ruixun.test1 D/sipstack: 22:19:10.494 vstdec0x9947f8 !RTP status: badpt=0, badssrc=0, dup=0, outorder=0, probation=-1, restart=0
2020-05-06 22:19:10.512 10150-11476/com.ruixun.test1 D/sipstack: 22:19:10.511 strm0x99278014 !RTP status: badpt=0, badssrc=0, dup=0, outorder=0, probation=-1, restart=0
2020-05-06 22:19:10.524 10150-20179/com.ruixun.test1 D/sipstack: 22:19:10.524   ec0x9922e700 !Underflow, buf_cnt=0, will generate 1 frame
2020-05-06 22:19:10.528 10150-20179/com.ruixun.test1 D/sipstack: 22:19:10.527   ec0x9922e700  Underflow, buf_cnt=0, will generate 1 frame
2020-05-06 22:19:10.529 10150-20181/com.ruixun.test1 D/sipstack: 22:19:10.529 strm0x99278014 !Jitter buffer starts returning normal frames (after 8 empty/lost)
2020-05-06 22:19:10.610 10150-20154/com.ruixun.test1 D/sipstack: 22:19:10.609   openh264.cpp !Frame size changed: 976x976 --> 240x320
2020-05-06 22:19:10.763 10150-20154/com.ruixun.test1 D/sipstack: 22:19:10.762 vstdec0x9947f8   Decoding format changed: 240x320 I420<- 15/1(~15)fps
2020-05-06 22:19:10.764 10150-20154/com.ruixun.test1 D/sipstack: 22:19:10.763 android_opengl  Stopping Android opengl stream
2020-05-06 22:19:10.768 10150-20154/com.ruixun.test1 D/sipstack: 22:19:10.767 android_opengl  Re-initializing OpenGL due to format change
2020-05-06 22:19:10.769 10150-20154/com.ruixun.test1 D/sipstack: 22:19:10.768 android_opengl  Starting Android opengl stream
2020-05-06 22:19:10.780 10150-20181/com.ruixun.test1 D/sipstack: 22:19:10.780 strm0x99278014 !Jitter buffer empty (prefetch=0), plc invoked
2020-05-06 22:19:10.982 10150-20181/com.ruixun.test1 D/sipstack: 22:19:10.981 strm0x99278014  VAD re-enabled
2020-05-06 22:19:11.004 10150-10405/com.ruixun.test1 D/sipstack: 22:19:11.002 os_core_unix.c !Info: possibly re-registering existing thread
2020-05-06 22:19:11.005 10150-10405/com.ruixun.test1 D/sipstack: 22:19:11.004  android_dev.c !Android camera thread registered
2020-05-06 22:19:11.019 10150-20181/com.ruixun.test1 D/sipstack: 22:19:11.018 strm0x99278014 !Jitter buffer starts returning normal frames (after 11 empty/lost)
2020-05-06 22:19:11.020 10150-20181/com.ruixun.test1 D/sipstack: 22:19:11.020 strm0x99278014  Jitter buffer empty (prefetch=0), plc invoked
2020-05-06 22:19:11.058 10150-20181/com.ruixun.test1 D/sipstack: 22:19:11.058 strm0x99278014  Jitter buffer starts returning normal frames (after 1 empty/lost)
2020-05-06 22:19:11.458 10150-20174/com.ruixun.test1 D/sipstack: 22:19:11.457 vstenc0x9947f8 !Forcing encoder to generate keyframe
2020-05-06 22:19:12.460 10150-20181/com.ruixun.test1 D/sipstack: 22:19:12.460 strm0x99278014 !Jitter buffer empty (prefetch=0), plc invoked
2020-05-06 22:19:12.474 10150-20174/com.ruixun.test1 D/sipstack: 22:19:12.473 vstenc0x9947f8 !Forcing encoder to generate keyframe
2020-05-06 22:19:12.539 10150-20181/com.ruixun.test1 D/sipstack: 22:19:12.538 strm0x99278014 !Jitter buffer starts returning normal frames (after 3 empty/lost)
2020-05-06 22:19:12.780 10150-20181/com.ruixun.test1 D/sipstack: 22:19:12.780 strm0x99278014  Jitter buffer empty (prefetch=0), plc invoked
2020-05-06 22:19:12.819 10150-20181/com.ruixun.test1 D/sipstack: 22:19:12.818 strm0x99278014  Jitter buffer starts returning normal frames (after 1 empty/lost)
2020-05-06 22:19:12.940 10150-20181/com.ruixun.test1 D/sipstack: 22:19:12.940 strm0x99278014  Jitter buffer empty (prefetch=0), plc invoked
2020-05-06 22:19:13.099 10150-20181/com.ruixun.test1 D/sipstack: 22:19:13.098 strm0x99278014  Jitter buffer starts returning normal frames (after 7 empty/lost)
2020-05-06 22:19:13.139 10150-20181/com.ruixun.test1 D/sipstack: 22:19:13.138 strm0x99278014  Jitter buffer empty (prefetch=0), plc invoked
2020-05-06 22:19:13.219 10150-20181/com.ruixun.test1 D/sipstack: 22:19:13.218 strm0x99278014  Jitter buffer starts returning normal frames (after 4 empty/lost)
2020-05-06 22:19:13.459 10150-20181/com.ruixun.test1 D/sipstack: 22:19:13.458 strm0x99278014  Jitter buffer empty (prefetch=0), plc invoked
2020-05-06 22:19:13.499 10150-20181/com.ruixun.test1 D/sipstack: 22:19:13.498 strm0x99278014  Jitter buffer starts returning normal frames (after 2 empty/lost)
2020-05-06 22:19:13.536 10150-20174/com.ruixun.test1 D/sipstack: 22:19:13.535 vstenc0x9947f8 !Forcing encoder to generate keyframe
2020-05-06 22:19:13.701 10150-20181/com.ruixun.test1 D/sipstack: 22:19:13.701 strm0x99278014 !Jitter buffer empty (prefetch=0), plc invoked
2020-05-06 22:19:13.739 10150-20181/com.ruixun.test1 D/sipstack: 22:19:13.738 strm0x99278014  Jitter buffer starts returning normal frames (after 1 empty/lost)
2020-05-06 22:19:13.901 10150-20181/com.ruixun.test1 D/sipstack: 22:19:13.901 strm0x99278014  Jitter buffer empty (prefetch=0), plc invoked
2020-05-06 22:19:13.939 10150-20181/com.ruixun.test1 D/sipstack: 22:19:13.938 strm0x99278014  Jitter buffer starts returning normal frames (after 1 empty/lost)
2020-05-06 22:19:14.599 10150-20174/com.ruixun.test1 D/sipstack: 22:19:14.599 vstenc0x9947f8 !Forcing encoder to generate keyframe
2020-05-06 22:19:14.938 10150-20181/com.ruixun.test1 D/sipstack: 22:19:14.938 strm0x99278014 !Jitter buffer empty (prefetch=0), plc invoked
2020-05-06 22:19:15.378 10150-10405/com.ruixun.test1 D/sipstack: 22:19:15.378    pjsua_vid.c !Call 1: set video stream, op=7
2020-05-06 22:19:15.393 10150-20174/com.ruixun.test1 D/sipstack: 22:19:15.392 vstenc0x9947f8 !Forcing encoder to generate keyframe
2020-05-06 22:19:16.018 10150-20181/com.ruixun.test1 D/sipstack: 22:19:16.018 strm0x99278014 !Jitter buffer starts returning normal frames (after 54 empty/lost)
2020-05-06 22:19:16.096 10150-10405/com.ruixun.test1 D/sipstack: 22:19:16.096   pjsua_call.c !Call 1 hanging up: code=603..
2020-05-06 22:19:16.096 10150-10405/com.ruixun.test1 D/sipstack: 22:19:16.096       endpoint  ..Request msg BYE/cseq=22890 (tdta0x9825f064) created.
2020-05-06 22:19:16.096 10150-10405/com.ruixun.test1 D/sipstack: 22:19:16.096  inv0x9c02c864  ..Sending Request msg BYE/cseq=22890 (tdta0x9825f064)
2020-05-06 22:19:16.096 10150-10405/com.ruixun.test1 D/sipstack: 22:19:16.096  dlg0x9c02c864  ...Sending Request msg BYE/cseq=22890 (tdta0x9825f064)
2020-05-06 22:19:16.097 10150-10405/com.ruixun.test1 D/sipstack: 22:19:16.097  tsx0x98235864  ....Transaction created for Request msg BYE/cseq=22889 (tdta0x9825f064)
2020-05-06 22:19:16.097 10150-10405/com.ruixun.test1 D/sipstack: 22:19:16.097  tsx0x98235864  ...Sending Request msg BYE/cseq=22889 (tdta0x9825f064) in state Null
2020-05-06 22:19:16.098 10150-10405/com.ruixun.test1 D/sipstack: 22:19:16.097  sip_resolve.c  ....Target '112.74.178.87:0' type=Unspecified resolved to '112.74.178.87:5060' type=UDP (UDP transport)
2020-05-06 22:19:16.098 10150-10405/com.ruixun.test1 D/sipstack: 22:19:16.098   pjsua_core.c  ....TX 415 bytes Request msg BYE/cseq=22889 (tdta0x9825f064) to UDP 112.74.178.87:5060:
    BYE sip:UA1012@112.74.178.87;did=69d.fba7ff2 SIP/2.0
    Via: SIP/2.0/UDP 192.168.1.101:40043;rport;branch=z9hG4bKPjdfddbc48-33a4-41db-8a7d-50533136b8a6
    Max-Forwards: 70
    From: <sip:UA1011@112.74.178.87>;tag=7e599fda-307e-45ed-91e4-7cc69e0e2283
    To: "哈哈" <sip:UA1012@112.74.178.87>;tag=4v418DFey99UK
    Call-ID: 6249b7d1-0a47-1239-b2b2-00163e0e0847
    CSeq: 22889 BYE
    User-Agent: Vanrui-Agent
    Content-Length:  0
    
    
    --end msg--
2020-05-06 22:19:16.099 10150-10405/com.ruixun.test1 D/sipstack: 22:19:16.098  tsx0x98235864  ....State changed from Null to Calling, event=TX_MSG
2020-05-06 22:19:16.099 10150-10405/com.ruixun.test1 D/sipstack: 22:19:16.099  dlg0x9c02c864  .....Transaction tsx0x98235864 state changed to Calling
2020-05-06 22:19:16.129 10150-11485/com.ruixun.test1 D/sipstack: 22:19:16.128 sip_endpoint.c !Processing incoming message: Response msg 200/BYE/cseq=22889 (rdata0x99232014)
2020-05-06 22:19:16.129 10150-11485/com.ruixun.test1 D/sipstack: 22:19:16.129   pjsua_core.c  .RX 485 bytes Response msg 200/BYE/cseq=22889 (rdata0x99232014) from UDP 112.74.178.87:5060:
    SIP/2.0 200 OK
    Via: SIP/2.0/UDP 192.168.1.101:40043;received=192.168.1.101;rport=40043;branch=z9hG4bKPjdfddbc48-33a4-41db-8a7d-50533136b8a6
    From: <sip:UA1011@112.74.178.87>;tag=7e599fda-307e-45ed-91e4-7cc69e0e2283
    To: "哈哈" <sip:UA1012@112.74.178.87>;tag=4v418DFey99UK
    Call-ID: 6249b7d1-0a47-1239-b2b2-00163e0e0847
    CSeq: 22889 BYE
    Allow: INVITE, ACK, BYE, CANCEL, OPTIONS, MESSAGE, INFO, UPDATE, REGISTER, REFER, NOTIFY
    Supported: timer, path, replaces
    Content-Length: 0
    
    
    --end msg--
2020-05-06 22:19:16.130 10150-11485/com.ruixun.test1 D/sipstack: 22:19:16.130  tsx0x98235864  .Incoming Response msg 200/BYE/cseq=22889 (rdata0x99232014) in state Calling
2020-05-06 22:19:16.131 10150-11485/com.ruixun.test1 D/sipstack: 22:19:16.130  tsx0x98235864  ..State changed from Calling to Completed, event=RX_MSG
2020-05-06 22:19:16.131 10150-11485/com.ruixun.test1 D/sipstack: 22:19:16.131  dlg0x9c02c864  ...Received Response msg 200/BYE/cseq=22889 (rdata0x99232014)
2020-05-06 22:19:16.132 10150-11485/com.ruixun.test1 D/sipstack: 22:19:16.132  dlg0x9c02c864  ...Transaction tsx0x98235864 state changed to Completed
2020-05-06 22:19:16.137 10150-11485/com.ruixun.test1 D/sipstack: 22:19:16.136    pjsua_vid.c  .....Stopping preview for cap_dev=1
2020-05-06 22:19:16.137 10150-11485/com.ruixun.test1 D/sipstack: 22:19:16.137 android_opengl  ......Stopping Android opengl stream
2020-05-06 22:19:16.139 10150-11485/com.ruixun.test1 D/sipstack: 22:19:16.138  pjsua_media.c  .....Call 1: deinitializing media..
2020-05-06 22:19:16.143 10150-11485/com.ruixun.test1 D/sipstack: 22:19:16.139 strm0x99278014  .......JB summary:
      size=2/eff=2 prefetch=0 level=16
      delay (min/max/avg/dev)=20/160/76/48 ms
      burst (min/max/avg/dev)=2/16/5/3 frames
      lost=0 discard=0 empty=93
2020-05-06 22:19:16.144 10150-11485/com.ruixun.test1 D/sipstack: 22:19:16.143  pjsua_media.c  .......Media stream call01:0 is destroyed
2020-05-06 22:19:16.145 10150-11485/com.ruixun.test1 D/sipstack: 22:19:16.144    pjsua_vid.c  .......Stopping video stream..
2020-05-06 22:19:16.180 10150-11485/com.ruixun.test1 D/sipstack: 22:19:16.180  android_dev.c  ........Stopping Android camera stream
2020-05-06 22:19:16.194 10150-11485/com.ruixun.test1 D/sipstack: 22:19:16.193    pjsua_vid.c  ........Window 1: destroying..
2020-05-06 22:19:16.194 10150-11485/com.ruixun.test1 D/sipstack: 22:19:16.194  android_dev.c  .........Stopping Android camera stream
2020-05-06 22:19:16.196 10150-11485/com.ruixun.test1 D/sipstack: 22:19:16.196     vid_port.c  .........Closing Front camera..
2020-05-06 22:19:16.197 10150-11485/com.ruixun.test1 D/sipstack: 22:19:16.197  android_dev.c  .........Android camera stream destroyed
2020-05-06 22:19:16.198 10150-11485/com.ruixun.test1 D/sipstack: 22:19:16.198 android_opengl  .........Stopping Android opengl stream
2020-05-06 22:19:16.199 10150-11485/com.ruixun.test1 D/sipstack: 22:19:16.198     vid_port.c  .........Closing OpenGL renderer..
2020-05-06 22:19:16.199 10150-11485/com.ruixun.test1 D/sipstack: 22:19:16.199 android_opengl  .........Stopping Android opengl stream
2020-05-06 22:19:16.221 10150-11485/com.ruixun.test1 D/sipstack: 22:19:16.220 android_opengl  ........Stopping Android opengl stream
2020-05-06 22:19:16.221 10150-11485/com.ruixun.test1 D/sipstack: 22:19:16.221    pjsua_vid.c  ........Window 0: destroying..
2020-05-06 22:19:16.221 10150-11485/com.ruixun.test1 D/sipstack: 22:19:16.221 android_opengl  .........Stopping Android opengl stream
2020-05-06 22:19:16.222 10150-11485/com.ruixun.test1 D/sipstack: 22:19:16.221     vid_port.c  .........Closing OpenGL renderer..
2020-05-06 22:19:16.222 10150-11485/com.ruixun.test1 D/sipstack: 22:19:16.222 android_opengl  .........Stopping Android opengl stream
2020-05-06 22:19:16.230 10150-11485/com.ruixun.test1 D/sipstack: 22:19:16.229 vstdec0x9947f8  ........JB summary:
      size=1/eff=1 prefetch=0 level=0
      delay (min/max/avg/dev)=0/0/0/0 ms
      burst (min/max/avg/dev)=0/0/0/0 frames
      lost=0 discard=0 empty=0
2020-05-06 22:19:16.230 10150-11485/com.ruixun.test1 D/sipstack: 22:19:16.230  pjsua_media.c  .......Media stream call01:1 is destroyed
2020-05-06 22:19:16.231 10150-11485/com.ruixun.test1 D/sipstack: 22:19:16.231  dlg0x9c02c864  .....Session count dec to 1 by mod-invite
2020-05-06 22:19:17.140 10150-11485/com.ruixun.test1 D/sipstack: 22:19:17.139    pjsua_aud.c  Closing sound device after idle for 1 second(s)
2020-05-06 22:19:17.140 10150-11485/com.ruixun.test1 D/sipstack: 22:19:17.140    pjsua_aud.c  .Closing Android JNI sound playback device and Android JNI sound capture device
2020-05-06 22:19:17.140 10150-11485/com.ruixun.test1 D/sipstack: 22:19:17.140 android_jni_de  .Android JNI stream stopped
2020-05-06 22:19:17.141 10150-11485/com.ruixun.test1 D/sipstack: 22:19:17.141 android_jni_de  .Destroying Android JNI stream...
2020-05-06 22:19:17.147 10150-20179/com.ruixun.test1 D/sipstack: 22:19:17.146 android_jni_de !Recorder thread stopped
2020-05-06 22:19:17.179 10150-20181/com.ruixun.test1 D/sipstack: 22:19:17.178 android_jni_de !Player thread stopped
2020-05-06 22:19:17.186 10150-11485/com.ruixun.test1 D/sipstack: 22:19:17.186 android_jni_de !.Audio record released
2020-05-06 22:19:17.188 10150-11485/com.ruixun.test1 D/sipstack: 22:19:17.188 android_jni_de  .Audio track released
2020-05-06 22:19:17.188 10150-11485/com.ruixun.test1 D/sipstack: 22:19:17.188 android_jni_de  .Android JNI stream destroyed
2020-05-06 22:19:19.261 10150-11485/com.ruixun.test1 D/sipstack: 22:19:19.260       endpoint  Request msg REGISTER/cseq=7833 (tdta0x9927d064) created.
2020-05-06 22:19:19.263 10150-11485/com.ruixun.test1 D/sipstack: 22:19:19.263  tsx0x98235064  .Transaction created for Request msg REGISTER/cseq=7834 (tdta0x9927d064)
2020-05-06 22:19:19.265 10150-11485/com.ruixun.test1 D/sipstack: 22:19:19.264  tsx0x98235064  Sending Request msg REGISTER/cseq=7834 (tdta0x9927d064) in state Null
2020-05-06 22:19:19.266 10150-11485/com.ruixun.test1 D/sipstack: 22:19:19.265  sip_resolve.c  .Target '112.74.178.87:5060' type=Unspecified resolved to '112.74.178.87:5060' type=UDP (UDP transport)
2020-05-06 22:19:19.268 10150-11485/com.ruixun.test1 D/sipstack: 22:19:19.267   pjsua_core.c  .TX 599 bytes Request msg REGISTER/cseq=7834 (tdta0x9927d064) to UDP 112.74.178.87:5060:
    REGISTER sip:112.74.178.87:5060 SIP/2.0
    Via: SIP/2.0/UDP 192.168.1.101:40043;rport;branch=z9hG4bKPjd0ae2ccb-044b-4f69-b2f6-6d444a01d41e
    Route: <sip:112.74.178.87:5060;lr>
    Max-Forwards: 70
    From: "哈哈" <sip:UA1011@112.74.178.87>;tag=036b76fb-e7ad-4fe8-b077-fb3f7f601be3
    To: "哈哈" <sip:UA1011@112.74.178.87>
    Call-ID: 8efdbd82-1b2d-44cb-9c85-9c4f6c0c653f
    CSeq: 7834 REGISTER
    User-Agent: Vanrui-Agent
    Contact: "哈哈" <sip:UA1011@192.168.1.101:40043;ob>
    Expires: 60
    Allow: PRACK, INVITE, ACK, BYE, CANCEL, UPDATE, INFO, SUBSCRIBE, NOTIFY, REFER, MESSAGE, OPTIONS
    Content-Length:  0
    
    
    --end msg--
2020-05-06 22:19:19.269 10150-11485/com.ruixun.test1 D/sipstack: 22:19:19.268  tsx0x98235064  .State changed from Null to Calling, event=TX_MSG
2020-05-06 22:19:19.298 10150-11485/com.ruixun.test1 D/sipstack: 22:19:19.297 sip_endpoint.c  Processing incoming message: Response msg 401/REGISTER/cseq=7834 (rdata0x99232014)
2020-05-06 22:19:19.299 10150-11485/com.ruixun.test1 D/sipstack: 22:19:19.299   pjsua_core.c  .RX 555 bytes Response msg 401/REGISTER/cseq=7834 (rdata0x99232014) from UDP 112.74.178.87:5060:
    SIP/2.0 401 Unauthorized
    Via: SIP/2.0/UDP 192.168.1.101:40043;received=192.168.1.101;rport=40043;branch=z9hG4bKPjd0ae2ccb-044b-4f69-b2f6-6d444a01d41e
    From: "哈哈" <sip:UA1011@112.74.178.87>;tag=036b76fb-e7ad-4fe8-b077-fb3f7f601be3
    To: "哈哈" <sip:UA1011@112.74.178.87>;tag=7bbf.7c4e3e24698d42491a10e3816a57a6c3
    Call-ID: 8efdbd82-1b2d-44cb-9c85-9c4f6c0c653f
    CSeq: 7834 REGISTER
    WWW-Authenticate: Digest realm="112.74.178.87", nonce="5eb2c7760000c834182276544c6827b1baa66d8fa8d48c3a"
    Server: OpenSIPS (3.0.1 (x86_64/linux))
    Content-Length: 0
    
    
    --end msg--
2020-05-06 22:19:19.301 10150-11485/com.ruixun.test1 D/sipstack: 22:19:19.300  tsx0x98235064  .Incoming Response msg 401/REGISTER/cseq=7834 (rdata0x99232014) in state Calling
2020-05-06 22:19:19.302 10150-11485/com.ruixun.test1 D/sipstack: 22:19:19.301  tsx0x98235064  ..State changed from Calling to Completed, event=RX_MSG
2020-05-06 22:19:19.304 10150-11485/com.ruixun.test1 D/sipstack: 22:19:19.303  tsx0x9822c864  ....Transaction created for Request msg REGISTER/cseq=7835 (tdta0x9927d064)
2020-05-06 22:19:19.305 10150-11485/com.ruixun.test1 D/sipstack: 22:19:19.305  tsx0x9822c864  ...Sending Request msg REGISTER/cseq=7835 (tdta0x9927d064) in state Null
2020-05-06 22:19:19.306 10150-11485/com.ruixun.test1 D/sipstack: 22:19:19.306       endpoint  ....Request msg REGISTER/cseq=7835 (tdta0x9927d064): skipping target resolution because address is already set
2020-05-06 22:19:19.308 10150-11485/com.ruixun.test1 D/sipstack: 22:19:19.307   pjsua_core.c  ....TX 796 bytes Request msg REGISTER/cseq=7835 (tdta0x9927d064) to UDP 112.74.178.87:5060:
    REGISTER sip:112.74.178.87:5060 SIP/2.0
    Via: SIP/2.0/UDP 192.168.1.101:40043;rport;branch=z9hG4bKPjcf5ad183-2af8-4513-b5f6-c4897d6f923d
    Route: <sip:112.74.178.87:5060;lr>
    Max-Forwards: 70
    From: "哈哈" <sip:UA1011@112.74.178.87>;tag=036b76fb-e7ad-4fe8-b077-fb3f7f601be3
    To: "哈哈" <sip:UA1011@112.74.178.87>
    Call-ID: 8efdbd82-1b2d-44cb-9c85-9c4f6c0c653f
    CSeq: 7835 REGISTER
    User-Agent: Vanrui-Agent
    Contact: "哈哈" <sip:UA1011@192.168.1.101:40043;ob>
    Expires: 60
    Allow: PRACK, INVITE, ACK, BYE, CANCEL, UPDATE, INFO, SUBSCRIBE, NOTIFY, REFER, MESSAGE, OPTIONS
    Authorization: Digest username="UA1011", realm="112.74.178.87", nonce="5eb2c7760000c834182276544c6827b1baa66d8fa8d48c3a", uri="sip:112.74.178.87:5060", response="b0ae29623f5c67b27b7f10cdb1f00804"
    Content-Length:  0
    
    
    --end msg--
2020-05-06 22:19:19.310 10150-11485/com.ruixun.test1 D/sipstack: 22:19:19.308  tsx0x9822c864  ....State changed from Null to Calling, event=TX_MSG
2020-05-06 22:19:19.340 10150-11485/com.ruixun.test1 D/sipstack: 22:19:19.340 sip_endpoint.c  Processing incoming message: Response msg 200/REGISTER/cseq=7835 (rdata0x99232014)
2020-05-06 22:19:19.342 10150-11485/com.ruixun.test1 D/sipstack: 22:19:19.341   pjsua_core.c  .RX 604 bytes Response msg 200/REGISTER/cseq=7835 (rdata0x99232014) from UDP 112.74.178.87:5060:
    SIP/2.0 200 OK
    Record-Route: <sip:10.0.76.29;lr;ftag=036b76fb-e7ad-4fe8-b077-fb3f7f601be3>
    Via: SIP/2.0/UDP 192.168.1.101:40043;received=192.168.1.101;rport=40043;branch=z9hG4bKPjcf5ad183-2af8-4513-b5f6-c4897d6f923d
    From: "哈哈" <sip:UA1011@112.74.178.87>;tag=036b76fb-e7ad-4fe8-b077-fb3f7f601be3
    To: "哈哈" <sip:UA1011@112.74.178.87>;tag=7bbf.ecd24131488c3616b9959934786c7670
    Call-ID: 8efdbd82-1b2d-44cb-9c85-9c4f6c0c653f
    CSeq: 7835 REGISTER
    Contact: <sip:UA1011@10.0.76.29:5060;ob>;expires=60;received="sip:223.213.73.48:40043"
    Server: OpenSIPS (3.0.1 (x86_64/linux))
    Content-Length: 0
    
    
    --end msg--
2020-05-06 22:19:19.343 10150-11485/com.ruixun.test1 D/sipstack: 22:19:19.342  tsx0x9822c864  .Incoming Response msg 200/REGISTER/cseq=7835 (rdata0x99232014) in state Calling
2020-05-06 22:19:19.344 10150-11485/com.ruixun.test1 D/sipstack: 22:19:19.343  tsx0x9822c864  ..State changed from Calling to Completed, event=RX_MSG
2020-05-06 22:19:19.346 10150-11485/com.ruixun.test1 D/sipstack: 22:19:19.345    pjsua_acc.c  ....SIP outbound status for acc 0 is not active
2020-05-06 22:19:19.347 10150-11485/com.ruixun.test1 D/sipstack: 22:19:19.346    pjsua_acc.c  ...."哈哈" <sip:UA1011@112.74.178.87>: registration success, status=200 (OK), will re-register in 60 seconds
2020-05-06 22:19:19.348 10150-11485/com.ruixun.test1 D/sipstack: 22:19:19.347    pjsua_acc.c  ....Keep-alive timer started for acc 0, destination:112.74.178.87:5060:15, interval:-16s
