巴特沃斯滤波器的特点是通频带内的频率响应曲线最大限度平坦，没有起伏，而在阻频带则逐渐下降为零。
    更有效的设计方法应该是将精确度均匀的分布在整个通带或阻带内，或者同时分布在两者之内。这样就可用较低阶数的系统满足要求。这可通过选择具有等波纹特性的逼近函数来达到。
    优点：是个单调上升函数，通带、阻带均无波动，结构简单
    缺点：带外衰减速度较慢。
    用于要求不高的场所。

椭圆滤波器
    特点：通带和阻带都有波动起伏，其特征可用椭圆函数表示，结构复杂；
    优点：边带截至率可以做的很陡峭。
    通带内有起伏，阻带内有零点。截止特性比其他滤波器都好。
    椭圆滤波器又称考尔滤波器（Cauer filter），是在通带和阻带等波纹特性的一种滤波器，因此通带，阻带逼近特性良好。 
    相较其他类型的滤波器，椭圆滤波器在阶数相同的条件下有着最小的通带和阻带波动。
    相比其他滤波器其阻带下降最快，过渡带更为陡峭、更窄的特性（通带和阻带的起伏为代价来换取）。相同阶数时，椭圆滤波      器的幅频曲线下降最陡，其次为切比雪夫滤波器，再次为巴特沃斯滤波器，下降最平缓的为贝塞尔滤波器。

贝赛尔(Bessel)滤波器是具有最大平坦的群延迟（线性相位响应）的线性过滤器。常用在音频天桥系统中。
    贝塞尔(Bessel)滤波器具有最平坦的幅度和相位响应。带通（通常为用户关注区域）的相位响应近乎呈线性。Bessel滤波器可用于减少所有IIR滤波器固有的非线性相位失真。
    由于具有向其截止频率以下的所有频率提供等量延时的特性，才被用于音频设备中，在音频设备中，必须在不损害频带内多信号的相位关系前提下，消除带外噪声。另外，贝塞尔滤波器的阶跃响应很快，并且没有过冲或振铃，这使它在作为音频DAC输出端的平滑滤波器，或音频ADC输入端的抗混叠滤波器方面，是一种出色的选择。贝塞尔滤波器还可用于分析D类放大器的输出，以及消除其它应用中的开关噪声，来提高失真测量和示波器波形测量的精确度。

切比雪夫滤波器是在通带或阻带上频率响应幅度等波纹波动的滤波器，振幅特性在通带内是等波纹。
在阻带内是单调的称为切比雪夫I型滤波器；振幅特性在通带内是单调的，在阻带内是等波纹的称为切比雪夫II型滤波器。
    特点：通带有波动，边带仍为单调上升函数，介于前两者之间。


当滤波器具有相同阶数时：
    1. 巴特沃斯滤波器通带最平坦，阻带下降慢。
    2. 切比雪夫滤波器通带等纹波，阻带下降较快。
    3. 贝塞尔滤波器通带等纹波，阻带下降慢。也就是说幅频特性的选频特性最差。但是，贝塞尔滤波器具有最佳的线性相位特性。


四种滤波器的区别对比
    1. 贝塞尔滤波器具有最平坦的幅度和相位响应。带通（通常为用户关注区域）的相位响应近乎呈线性。
    2. 巴特沃斯滤波器的特点是通频带内的频率响应曲线最大限度平坦，没有起伏，而在阻频带则逐渐下降为零。
    3.切比雪夫滤波器在过渡带比巴特沃斯滤波器的衰减快，但频率响应的幅频特性不如后者平坦。切比雪夫滤波器和理想滤波器的频率响应曲线之间的误差最小，但是在通频带内存在幅度波动。
    4.相同阶数时：椭圆滤波器的幅频曲线下降最陡，其次为切比雪夫滤波器，再次为巴特沃斯滤波器，下降最平缓的为贝塞尔滤波器。
    5.相同阶数时：巴特沃斯滤波器通带最平坦，阻带下降慢；切比雪夫滤波器通带等纹波，阻带下降较快；贝塞尔滤波器通带等纹波，阻带下降慢。也就是说幅频特性的选频特性最差。但是，贝塞尔滤波器具有最佳的线性相位特性；椭圆滤波器在通带等纹波（阻带平坦或等纹波），阻带下降最快。