module_init


Endpoint


call
    CallMediaInfoVector
    Call
    CallInfo
    CallMediaInfo
    CallSetting
    CallSendDtmfParam
    CallVidSetStreamParam
    CallSendRequestParam
    CallOpParam
    OnCallMediaTransportStateParam
    OnCallMediaEventParam
    OnCallRedirectedParam
    OnCallTxOfferParam
    OnCallRxReinviteParam
    OnCallReplacedParam
    OnCallReplaceRequestParam
    OnCallTransferStatuParam
    OnDtmfDigitParam
    OnCallSdpCreateParam
    OnCallMediaStateParam
    OnCallTsxStateParam
    OnCallStateParam
    OnInstantMessageParam
    OnIncomingSubscribeParam
    OnIncomingCallParam
    SendTypingIndicationParam
    SendInstantMessageParam





Account
    Account
    AccountInfo
    AccountConfig
    AccountNatConfig
    AccountMwiConfig
    AccountPresConfig
    AccountCallConfig
    AccountSipConfig
    AccountRegConfig
    AccountIpChangeConfig
    AccountVideoConfig
    AccountMediaConfig
    OnRegStateParam
    RegProgress
    OnSelectAccountParam
    OnMwiInfoParam
    AuthCredInfoVector




Buddy
    Buddy
    BuddyInfo
    BuddyConfig
    FindBuddyMatch
    OnBuddyEvSubStateParam
    BuddyVector




Media
    Media
    MediaConfig
    OnCreateMediaTransportSrtpParam
    OnStreamDestroyParam
    OnStreamCreateParam
    StreamStat
    StreamInfo
    MediaTransportInfo
    MediaEvent
    MediaEventData
    MediaFmtChangedEvent
    CodecParam
    CodecParamSetting
    CodecParamInfo
    CodecFmtp
    CodecInfo
    MediaSize
    MediaCoordinate
    MediaFormat
    CodecFmtpVector
    CodecInfoVector
    MediaFormatVector
    

    Port
        ConfPortInfo



    

    Audio
        ExtraAudioDevice
        AudioMediaRecorder
        AudioMediaPlayer
        AudioMediaPlayerInfo
        MediaFormatAudio
        AudDevManager
        AudDevInfo
        AudioMedia
        AudioMediaTransmitParam
        MediaFormatAudio
        AudioDevInfoVector
        AudioMediaVector
    

    Video
        MediaFormatVideo
        VideoCodecParam
        VidDevManager
        VideoSwitchParam
        VideoDevInfo
        VideoPreview
        VideoPreviewOpParam
        VideoWindow
        VideoWindowInfo
        VideoWindowHandle
        WindowHandle
        VideoDevInfoVector


Config
    EpConfig
    UaConfig
    


Utils
    LogConfig
    JsonDocument
    Tone
        ToneGenerator
        ToneDigit
        ToneDesc
        ToneDigitMapDigit
        ToneDigitMapVector
        ToneDigitVector
        ToneDescVector
    
    PendingJob
    LogWriter
    LogEntry
    OnTimerParam
    LossType
    MathStat
    PresNotifyParam
    OnTypingIndicationParam
    PresenceStatus
    UserEvent
    RxMsgEvent
    TxErrorEvent
    TxMsgEvent
    TsxStateEvent
    TsxStateEventSrc
    TimerEvent
    ContainerNode
    PersistentDocument
    PersistentObject
    TimeVal
    Version
    Error
    IntVector
    StringVector

Pj
    PJSUA
    PJSIP
    PjMedia
    PjSsl
    PjTls
    PjQos
    PjLog

    
SIP
    SipMultipartPartVector
    SipHeaderVector
    SipTxOption
    SipMultipartPart
    SipHeader
    SipMediaType
    SipEvent
    SipEventBody
    SipTransaction
    SipTxData
    SipRxData



Net
    OnIpChangeProgressParam
    IpChangeParam
    OnNatCheckStunServersCompleteParam



Transport
    TransportConfig
    TransportInfo
    TlsConfig
    TlsInfo
    SslCertInfo
    AuthCredInfo
    OnTransportStateParam

    Jbuf：
        JbufState

    SDP
        SdpSession


    RTCP
        RtcpFbConfig
        RtcpStat
        RtcpSdes
        RtcpStreamStat


    RTP
        SrtpOpt
        SrtpCrypto
        SrtpCryptoVector


